#####  03B_individuals_18270.rb  #####
... load from db/seeds/osoba_18270.csv... start...
#####  03B_individuals_18270.rb  #####
... load from db/seeds/osoba_18270.csv... start...
Individuals all: 4582
Individuals all where user=DB18270_USER_ID: 4509
#####  END ...load from 03B_individuals_18270.rb  #####
#####  03B_individuals_18270.rb  #####
... load from db/seeds/osoba_18270.csv... start...
Individuals all: 4582
Individuals all where user=DB18270_USER_ID: 4509
#####  END ...load from 03B_individuals_18270.rb  #####
#####  03B_individuals_18270.rb  #####
... load from db/seeds/osoba_18270.csv... start...
Individuals all: 4582
Individuals all where user=DB18270_USER_ID: 4509
#####  END ...load from 03B_individuals_18270.rb  #####
#####  03B_individuals_18270.rb  #####
... load from db/seeds/osoba_18270.csv... start...
Individuals all: 4582
Individuals all where user=DB18270_USER_ID: 4509
#####  END ...load from 03B_individuals_18270.rb  #####
#####  03B_individuals_18270.rb  #####
... load from db/seeds/osoba_18270.csv... start...
Individuals all: 4582
Individuals all where user=DB18270_USER_ID: 4509
#####  END ...load from 03B_individuals_18270.rb  #####
#####  03B_individuals_18270.rb  #####
... load from db/seeds/osoba_18270.csv... start...
Individuals all: 4582
Individuals all where user=DB18270_USER_ID: 4509
#####  END ...load from 03B_individuals_18270.rb  #####
#####  03B_individuals_18270.rb  #####
... load from db/seeds/osoba_18270.csv... start...
Individuals all: 4582
Individuals all where user=DB18270_USER_ID: 4509
#####  END ...load from 03B_individuals_18270.rb  #####
