#####  03B_individuals_00718.rb  #####
... load from db/seeds/osoba_00718.csv... start...
Individuals all: 73
Individuals all where user=DB00718_USER_ID: 73
#####  END ...load from 03B_individuals_00718.rb  #####
#####  03B_individuals_00718.rb  #####
... load from db/seeds/osoba_00718.csv... start...
Individuals all: 73
Individuals all where user=DB00718_USER_ID: 73
#####  END ...load from 03B_individuals_00718.rb  #####
#####  03B_individuals_00718.rb  #####
... load from db/seeds/osoba_00718.csv... start...
Individuals all: 73
Individuals all where user=DB00718_USER_ID: 73
#####  END ...load from 03B_individuals_00718.rb  #####
#####  03B_individuals_00718.rb  #####
... load from db/seeds/osoba_00718.csv... start...
Individuals all: 73
Individuals all where user=DB00718_USER_ID: 73
#####  END ...load from 03B_individuals_00718.rb  #####
#####  03B_individuals_00718.rb  #####
... load from db/seeds/osoba_00718.csv... start...
Individuals all: 73
Individuals all where user=DB00718_USER_ID: 73
#####  END ...load from 03B_individuals_00718.rb  #####
#####  03B_individuals_00718.rb  #####
... load from db/seeds/osoba_00718.csv... start...
Individuals all: 73
Individuals all where user=DB00718_USER_ID: 73
#####  END ...load from 03B_individuals_00718.rb  #####
#####  03B_individuals_00718.rb  #####
... load from db/seeds/osoba_00718.csv... start...
Individuals all: 73
Individuals all where user=DB00718_USER_ID: 73
#####  END ...load from 03B_individuals_00718.rb  #####
#####  03B_individuals_00718.rb  #####
... load from db/seeds/osoba_00718.csv... start...
Individuals all: 73
Individuals all where user=DB00718_USER_ID: 73
#####  END ...load from 03B_individuals_00718.rb  #####
