#####  04B_insurances_18270.rb  #####
... load from db/seeds/polisa_18270.csv... start...
Insurances all: 307
Insurances all where user=DB18270_USER_ID: 297
#####  END ...load from 04B_insurances_18270.rb  #####
#####  04B_insurances_18270.rb  #####
... load from db/seeds/polisa_18270.csv... start...
Insurances all: 307
Insurances all where user=DB18270_USER_ID: 297
#####  END ...load from 04B_insurances_18270.rb  #####
#####  04B_insurances_18270.rb  #####
... load from db/seeds/polisa_18270.csv... start...
Insurances all: 307
Insurances all where user=DB18270_USER_ID: 297
#####  END ...load from 04B_insurances_18270.rb  #####
#####  04B_insurances_18270.rb  #####
... load from db/seeds/polisa_18270.csv... start...
Insurances all: 307
Insurances all where user=DB18270_USER_ID: 297
#####  END ...load from 04B_insurances_18270.rb  #####
#####  04B_insurances_18270.rb  #####
... load from db/seeds/polisa_18270.csv... start...
Insurances all: 307
Insurances all where user=DB18270_USER_ID: 297
#####  END ...load from 04B_insurances_18270.rb  #####
#####  04B_insurances_18270.rb  #####
... load from db/seeds/polisa_18270.csv... start...
Insurances all: 307
Insurances all where user=DB18270_USER_ID: 297
#####  END ...load from 04B_insurances_18270.rb  #####
#####  04B_insurances_18270.rb  #####
... load from db/seeds/polisa_18270.csv... start...
Insurances all: 307
Insurances all where user=DB18270_USER_ID: 297
#####  END ...load from 04B_insurances_18270.rb  #####
